[2m[WebServer] [22m[SMTP] Servidor SMTP local executando na porta 1025
[2m[WebServer] [22mIniciando aquecimento dos caches organizacionais...
[2m[WebServer] [22mCaches organizacionais aquecidos com sucesso.
[2m[WebServer] [22m> vite --port 5173
[2m[WebServer] [22m[32m[1mVITE[22m v7.3.2[39m  [2mready in [0m[1m174[22m[2m[0m ms[22m
[2m[WebServer] [22m[32m➜[39m  [1mLocal[22m:   [36mhttp://localhost:[1m5173[22m/[39m
[2m[WebServer] [22m[2m  [32m➜[39m  [1mNetwork[22m[2m: use [22m[1m--host[22m[2m to expose[22m
[2m[WebServer] [22m>>> Infra E2E no ar. Frontend: 5173. Backend: 10000 (perfil e2e). Monitoramento: nao.

Running 18 tests using 1 worker

[2m[WebServer] [22mTodos os caches de aplicação foram limpos.
[2m[WebServer] [22mReset do banco de dados e caches concluído.
[2m[WebServer] [22mTodos os caches de aplicação foram limpos.
[2m[WebServer] [22mReset do banco de dados e caches concluído.
[2m[WebServer] [22mUsuário autenticado sem AD (perfil e2e): ***1919
[2m[WebServer] [22mUsuário ***1919 autorizado: ADMIN-ADMIN
[2m[WebServer] [22mProcesso criado com 1 unidades participantes
[2m[WebServer] [22m[33mWARN DIAGN. ORGANIZACIONAL [Unidade sem responsável]: 1 ocorrencia(s). sigla=SECAO_SEM_RESP, tipo=OPERACIONAL[0m
[2m[WebServer] [22mCriando 1 subprocessos para o processo 400
[2m[WebServer] [22mCriando alertas de início do processo 400
[2m[WebServer] [22mProcesso 400 iniciado para 1 unidades.
[2m[WebServer] [22mTodos os caches de aplicação foram limpos.
[2m[WebServer] [22mProcesso criado com 1 unidades participantes
[2m[WebServer] [22mCriando 1 subprocessos para o processo 401
[2m[WebServer] [22mCriando alertas de início do processo 401
[2m[WebServer] [22mProcesso 401 iniciado para 1 unidades.
[2m[WebServer] [22mTodos os caches de aplicação foram limpos.
[2m[WebServer] [22mProcesso criado com 1 unidades participantes
[2m[WebServer] [22mCriando 1 subprocessos para o processo 402
[2m[WebServer] [22mCriando alertas de início do processo 402
[2m[WebServer] [22mProcesso 402 iniciado para 1 unidades.
[2m[WebServer] [22mUsuário autenticado sem AD (perfil e2e): ***5555
[2m[WebServer] [22mUsuário ***5555 autorizado: CHEFE-ASSESSORIA_11
  ✘   1 [chromium] › e2e/cdu-08.spec.ts:17:5 › CDU-08 - Manter cadastro de atividades e conhecimentos › Cenário 1: Processo de Mapeamento (Fluxo completo + Importação + Auto-save) (6.9s)
[2m[WebServer] [22mTodos os caches de aplicação foram limpos.
[2m[WebServer] [22mReset do banco de dados e caches concluído.
[2m[WebServer] [22mTodos os caches de aplicação foram limpos.
[2m[WebServer] [22mReset do banco de dados e caches concluído.
[2m[WebServer] [22mProcesso criado com 1 unidades participantes
[2m[WebServer] [22mCriado subprocesso para unidade ASSESSORIA_12
[2m[WebServer] [22mCriando alertas de início do processo 400
[2m[WebServer] [22mProcesso 400 iniciado para 1 unidades.
[2m[WebServer] [22mUsuário autenticado sem AD (perfil e2e): ***1515
[2m[WebServer] [22mUsuário ***1515 autorizado: CHEFE-ASSESSORIA_12
[2m[WebServer] [22mAtividade criada no mapa 400
[2m[WebServer] [22mSubprocesso 400 (REVISAO) movido para em andamento
  ✓   2 [chromium] › e2e/cdu-08.spec.ts:153:5 › CDU-08 - Manter cadastro de atividades e conhecimentos › Cenário 2: Processo de Revisão (Botão impacto) (1.9s)
[2m[WebServer] [22mTodos os caches de aplicação foram limpos.
[2m[WebServer] [22mReset do banco de dados e caches concluído.
[2m[WebServer] [22mUsuário autenticado sem AD (perfil e2e): ***1919
[2m[WebServer] [22mUsuário ***1919 autorizado: ADMIN-ADMIN
[2m[WebServer] [22mProcesso criado com 1 unidades participantes
[2m[WebServer] [22mCriando 1 subprocessos para o processo 400
[2m[WebServer] [22mCriando alertas de início do processo 400
[2m[WebServer] [22mProcesso 400 iniciado para 1 unidades.
[2m[WebServer] [22mTodos os caches de aplicação foram limpos.
[2m[WebServer] [22mProcesso criado com 1 unidades participantes
[2m[WebServer] [22mCriando 1 subprocessos para o processo 401
[2m[WebServer] [22mCriando alertas de início do processo 401
[2m[WebServer] [22mProcesso 401 iniciado para 1 unidades.
[2m[WebServer] [22mTodos os caches de aplicação foram limpos.
[2m[WebServer] [22mProcesso criado com 1 unidades participantes
[2m[WebServer] [22mCriando 1 subprocessos para o processo 402
[2m[WebServer] [22mCriando alertas de início do processo 402
[2m[WebServer] [22mProcesso 402 iniciado para 1 unidades.
[2m[WebServer] [22mUsuário autenticado sem AD (perfil e2e): ***5555
[2m[WebServer] [22mUsuário ***5555 autorizado: CHEFE-ASSESSORIA_11
  ✓   3 [chromium] › e2e/cdu-08.spec.ts:188:5 › CDU-08 - Manter cadastro de atividades e conhecimentos › Cenário 3: Seleções limpas ao trocar processo/unidade no modal de importação (2.0s)
[2m[WebServer] [22mTodos os caches de aplicação foram limpos.
[2m[WebServer] [22mReset do banco de dados e caches concluído.
[2m[WebServer] [22mProcesso criado com 1 unidades participantes
[2m[WebServer] [22mCriando 1 subprocessos para o processo 400
[2m[WebServer] [22mCriando alertas de início do processo 400
[2m[WebServer] [22mProcesso 400 iniciado para 1 unidades.
[2m[WebServer] [22mTodos os caches de aplicação foram limpos.
[2m[WebServer] [22mProcesso criado com 1 unidades participantes
[2m[WebServer] [22mCriado subprocesso para unidade SECAO_221
[2m[WebServer] [22mCriando alertas de início do processo 401
[2m[WebServer] [22mProcesso 401 iniciado para 1 unidades.
[2m[WebServer] [22mUsuário autenticado sem AD (perfil e2e): ***1414
[2m[WebServer] [22mUsuário ***1414 autorizado: CHEFE-SECAO_221
[2m[WebServer] [22mAtividade criada no mapa 401
[2m[WebServer] [22mSubprocesso 401 (REVISAO) movido para em andamento
[2m[WebServer] [22mConhecimento criado na atividade 4004
  ✓   4 [chromium] › e2e/cdu-10.spec.ts:31:5 › CDU-10 - Disponibilizar revisão do cadastro de atividades e conhecimentos › 1. Setup: Preparar processo de revisão e atividades iniciais (1.1s)
[2m[WebServer] [22mUsuário autenticado sem AD (perfil e2e): ***1414
[2m[WebServer] [22mUsuário ***1414 autorizado: CHEFE-SECAO_221
  ✓   5 [chromium] › e2e/cdu-10.spec.ts:58:5 › CDU-10 - Disponibilizar revisão do cadastro de atividades e conhecimentos › 1.1 Cenário adicional: primeiro acesso direto ao cadastro carrega o subprocesso (728ms)
[2m[WebServer] [22mUsuário autenticado sem AD (perfil e2e): ***1414
[2m[WebServer] [22mUsuário ***1414 autorizado: CHEFE-SECAO_221
  ✓   6 [chromium] › e2e/cdu-10.spec.ts:68:5 › CDU-10 - Disponibilizar revisão do cadastro de atividades e conhecimentos › 1.2 Cenário adicional: checkbox fica desabilitado quando houver mudanças no cadastro (719ms)
[2m[WebServer] [22mProcesso criado com 1 unidades participantes
[2m[WebServer] [22mCriando 1 subprocessos para o processo 402
[2m[WebServer] [22mCriando alertas de início do processo 402
[2m[WebServer] [22mProcesso 402 iniciado para 1 unidades.
[2m[WebServer] [22mTodos os caches de aplicação foram limpos.
[2m[WebServer] [22mProcesso criado com 1 unidades participantes
[2m[WebServer] [22mCriado subprocesso para unidade SECAO_212
[2m[WebServer] [22mCriando alertas de início do processo 403
[2m[WebServer] [22mProcesso 403 iniciado para 1 unidades.
[2m[WebServer] [22mUsuário autenticado sem AD (perfil e2e): ***1818
[2m[WebServer] [22mUsuário ***1818 autorizado: CHEFE-SECAO_212
  ✘   7 [chromium] › e2e/cdu-10.spec.ts:81:5 › CDU-10 - Disponibilizar revisão do cadastro de atividades e conhecimentos › 1.3 Cenário adicional: disponibilizar revisão sem mudanças usando checkbox (5.9s)
  -   8 [chromium] › e2e/cdu-10.spec.ts:141:5 › CDU-10 - Disponibilizar revisão do cadastro de atividades e conhecimentos › 2. Cenário 1: Validação - Atividade sem conhecimento
  -   9 [chromium] › e2e/cdu-10.spec.ts:160:5 › CDU-10 - Disponibilizar revisão do cadastro de atividades e conhecimentos › 3. Cenário 2: Caminho feliz - Disponibilizar revisão
  -  10 [chromium] › e2e/cdu-10.spec.ts:199:5 › CDU-10 - Disponibilizar revisão do cadastro de atividades e conhecimentos › 4. Cenário 3: Devolução e Histórico
  -  11 [chromium] › e2e/cdu-10.spec.ts:229:5 › CDU-10 - Disponibilizar revisão do cadastro de atividades e conhecimentos › 5. Cenário 4: Histórico retém as análises após nova disponibilização
  -  12 [chromium] › e2e/cdu-10.spec.ts:273:5 › CDU-10 - Disponibilizar revisão do cadastro de atividades e conhecimentos › 6. Cenário 5: Cancelar disponibilização
  ✓  13 [chromium] › e2e/cdu-24.spec.ts:32:5 › CDU-24 - Disponibilizar mapas em bloco › Setup data (69ms)
[2m[WebServer] [22mTodos os caches de aplicação foram limpos.
[2m[WebServer] [22mReset do banco de dados e caches concluído.
[2m[WebServer] [22mTodos os caches de aplicação foram limpos.
[2m[WebServer] [22mReset do banco de dados e caches concluído.
[2m[WebServer] [22mProcesso criado com 1 unidades participantes
[2m[WebServer] [22mCriando 1 subprocessos para o processo 400
[2m[WebServer] [22mCriando alertas de início do processo 400
[2m[WebServer] [22mProcesso 400 iniciado para 1 unidades.
[2m[WebServer] [22mUsuário autenticado sem AD (perfil e2e): ***1919
[2m[WebServer] [22mUsuário ***1919 autorizado: ADMIN-ADMIN
  ✓  14 [chromium] › e2e/cdu-24.spec.ts:46:5 › CDU-24 - Disponibilizar mapas em bloco › Botão "Disponibilizar em bloco" deve estar desabilitado quando nenhum mapa foi criado (596ms)
[2m[WebServer] [22mUsuário autenticado sem AD (perfil e2e): ***1919
[2m[WebServer] [22mUsuário ***1919 autorizado: ADMIN-ADMIN
