Downloading https://services.gradle.org/distributions/gradle-9.2.1-bin.zip
............10%.............20%.............30%.............40%.............50%.............60%.............70%.............80%.............90%.............100%

Welcome to Gradle 9.2.1!

Here are the highlights of this release:
 - Windows ARM support
 - Improved publishing APIs
 - Better guidance for dependency verification failures

For more details see https://docs.gradle.org/9.2.1/release-notes.html

Starting a Gradle Daemon (subsequent builds will be faster)
Calculating task graph as no cached configuration is available for tasks: :backend:jacocoTestReport
> Task :backend:processResources
> Task :backend:processTestResources
> Task :backend:compileJava
> Task :backend:classes

> Task :backend:compileTestJava
/app/backend/src/test/java/sgc/integracao/CDU14IntegrationTest.java:505: warning: [deprecation] isUnprocessableEntity() in StatusResultMatchers has been deprecated
                    .andExpect(status().isUnprocessableEntity());
                                       ^
1 warning

> Task :backend:testClasses
> Task :backend:test
  Results: SUCCESS
  Total:     794 testes
  ✓ Passed:  794
  ✗ Failed:  0
  ○ Ignored: 0
  Time:     146.274s

> Task :backend:jacocoTestReport

[Incubating] Problems report is available at: file:///app/build/reports/problems/problems-report.html

BUILD SUCCESSFUL in 5m 1s
6 actionable tasks: 6 executed
Configuration cache entry stored.
