
> sgc-e2e@1.0.0 test:e2e
> playwright test

[2m[WebServer] [22mDownloading https://services.gradle.org/distributions/gradle-9.2.1-bin.zip
[2m[WebServer] [22m.
[2m[WebServer] [22m.
[2m[WebServer] [22m.
[2m[WebServer] [22m.
[2m[WebServer] [22m.
[2m[WebServer] [22m.
[2m[WebServer] [22m.
[2m[WebServer] [22m.
[2m[WebServer] [22m.
[2m[WebServer] [22m.
[2m[WebServer] [22m.
[2m[WebServer] [22m.
[2m[WebServer] [22m10%.
[2m[WebServer] [22m.
[2m[WebServer] [22m.
[2m[WebServer] [22m.
[2m[WebServer] [22m.
[2m[WebServer] [22m.
[2m[WebServer] [22m.
[2m[WebServer] [22m.
[2m[WebServer] [22m.
[2m[WebServer] [22m.
[2m[WebServer] [22m.
[2m[WebServer] [22m.
[2m[WebServer] [22m.
[2m[WebServer] [22m20%.
[2m[WebServer] [22m.
[2m[WebServer] [22m.
[2m[WebServer] [22m.
[2m[WebServer] [22m.
[2m[WebServer] [22m.
[2m[WebServer] [22m.
[2m[WebServer] [22m.
[2m[WebServer] [22m.
[2m[WebServer] [22m.
[2m[WebServer] [22m.
[2m[WebServer] [22m.
[2m[WebServer] [22m.
[2m[WebServer] [22m30%.
[2m[WebServer] [22m.
[2m[WebServer] [22m.
[2m[WebServer] [22m.
[2m[WebServer] [22m.
[2m[WebServer] [22m.
[2m[WebServer] [22m.
[2m[WebServer] [22m.
[2m[WebServer] [22m.
[2m[WebServer] [22m.
[2m[WebServer] [22m.
[2m[WebServer] [22m.
[2m[WebServer] [22m.
[2m[WebServer] [22m40%.
[2m[WebServer] [22m.
[2m[WebServer] [22m.
[2m[WebServer] [22m.
[2m[WebServer] [22m.
[2m[WebServer] [22m.
[2m[WebServer] [22m.
[2m[WebServer] [22m.
[2m[WebServer] [22m.
[2m[WebServer] [22m.
[2m[WebServer] [22m.
[2m[WebServer] [22m.
[2m[WebServer] [22m.
[2m[WebServer] [22m50%.
[2m[WebServer] [22m.
[2m[WebServer] [22m.
[2m[WebServer] [22m.
[2m[WebServer] [22m.
[2m[WebServer] [22m.
[2m[WebServer] [22m.
[2m[WebServer] [22m.
[2m[WebServer] [22m.
[2m[WebServer] [22m.
[2m[WebServer] [22m.
[2m[WebServer] [22m.
[2m[WebServer] [22m.
[2m[WebServer] [22m60%.
[2m[WebServer] [22m.
[2m[WebServer] [22m.
[2m[WebServer] [22m.
[2m[WebServer] [22m.
[2m[WebServer] [22m.
[2m[WebServer] [22m.
[2m[WebServer] [22m.
[2m[WebServer] [22m.
[2m[WebServer] [22m.
[2m[WebServer] [22m.
[2m[WebServer] [22m.
[2m[WebServer] [22m.
[2m[WebServer] [22m70%
[2m[WebServer] [22m.
[2m[WebServer] [22m.
[2m[WebServer] [22m.
[2m[WebServer] [22m.
[2m[WebServer] [22m.
[2m[WebServer] [22m.
[2m[WebServer] [22m.
[2m[WebServer] [22m.
[2m[WebServer] [22m.
[2m[WebServer] [22m.
[2m[WebServer] [22m.
[2m[WebServer] [22m.
[2m[WebServer] [22m.
[2m[WebServer] [22m80%.
[2m[WebServer] [22m.
[2m[WebServer] [22m.
[2m[WebServer] [22m.
[2m[WebServer] [22m.
[2m[WebServer] [22m.
[2m[WebServer] [22m.
[2m[WebServer] [22m.
[2m[WebServer] [22m.
[2m[WebServer] [22m.
[2m[WebServer] [22m.
[2m[WebServer] [22m.
[2m[WebServer] [22m.
[2m[WebServer] [22m90%.
[2m[WebServer] [22m.
[2m[WebServer] [22m.
[2m[WebServer] [22m.
[2m[WebServer] [22m.
[2m[WebServer] [22m.
[2m[WebServer] [22m.
[2m[WebServer] [22m.
[2m[WebServer] [22m.
[2m[WebServer] [22m.
[2m[WebServer] [22m.
[2m[WebServer] [22m.
[2m[WebServer] [22m.
[2m[WebServer] [22m100%
[2m[WebServer] [22mWelcome to Gradle 9.2.1!
[2m[WebServer] [22mHere are the highlights of this release:
[2m[WebServer] [22m - Windows ARM support
[2m[WebServer] [22m - Improved publishing APIs
[2m[WebServer] [22m - Better guidance for dependency verification failures
[2m[WebServer] [22mFor more details see https://docs.gradle.org/9.2.1/release-notes.html
[2m[WebServer] [22mCalculating task graph as no cached configuration is available for tasks: bootRun --args=--spring.profiles.active=e2e
[2m[WebServer] [22m  [32m[1mVITE[22m v7.2.6[39m  [2mready in [0m[1m876[22m[2m[0m ms[22m
[2m[WebServer] [22m  [32m➜[39m  [1mLocal[22m:   [36mhttp://localhost:[1m5173[22m/[39m
[2m[WebServer] [22m[2m  [32m➜[39m  [1mNetwork[22m[2m: use [22m[1m--host[22m[2m to expose[22m
[2m[WebServer] [22m[LIFECYCLE] Frontend e Backend no ar!

Running 37 tests using 2 workers
[2m[WebServer] [22mWARN  s.c.erros.RestExceptionHandler.handleBusinessException:48 - ErroEntidadeNaoEncontrada: 'Usuário' com codigo '0' não encontrado(a).
········[2m[WebServer] [22mINFO  s.p.service.ProcessoService.criar:124 - Processo 1 criado.
[2m[WebServer] [22mINFO  s.p.service.ProcessoService.criar:124 - Processo 2 criado.
·[2m[WebServer] [22mINFO  s.p.service.ProcessoService.criar:124 - Processo 3 criado.
···[2m[WebServer] [22mINFO  s.p.service.ProcessoService.criar:124 - Processo 4 criado.
·[2m[WebServer] [22mINFO  s.p.service.ProcessoService.criar:124 - Processo 5 criado.
·[2m[WebServer] [22mINFO  s.p.service.ProcessoService.criar:124 - Processo 6 criado.
·····[2m[WebServer] [22mINFO  s.p.service.ProcessoService.criar:124 - Processo 7 criado.
[2m[WebServer] [22mINFO  s.p.service.ProcessoService.atualizar:157 - Processo 7 atualizado.
·[2m[WebServer] [22mINFO  s.p.service.ProcessoService.criar:124 - Processo 8 criado.
[2m[WebServer] [22mINFO  s.p.service.ProcessoService.apagar:172 - Processo 8 removido.
·[2m[WebServer] [22mINFO  s.p.service.ProcessoService.criar:124 - Processo 9 criado.
T[2m[WebServer] [22mINFO  s.n.EventoProcessoListener.enviarEmailDeProcessoIniciado:167 - E-mail enviado para unidade ASSESSORIA_11
[2m[WebServer] [22mINFO  s.p.service.ProcessoService.iniciarProcessoMapeamento:241 - Processo de mapeamento 9 iniciado para 1 unidades.
·[2m[WebServer] [22mINFO  s.p.service.ProcessoService.criar:124 - Processo 10 criado.
·[2m[WebServer] [22mINFO  s.n.EventoProcessoListener.enviarEmailDeProcessoIniciado:167 - E-mail enviado para unidade ASSESSORIA_21
[2m[WebServer] [22mINFO  s.p.service.ProcessoService.iniciarProcessoMapeamento:241 - Processo de mapeamento 10 iniciado para 1 unidades.
··[2m[WebServer] [22mWARN  s.c.erros.RestExceptionHandler.handleBusinessException:48 - ErroEntidadeNaoEncontrada: 'Processo' com codigo '10' não encontrado(a).
[2m[WebServer] [22mINFO  s.p.service.ProcessoService.criar:124 - Processo 11 criado.
[2m[WebServer] [22mINFO  s.n.EventoProcessoListener.enviarEmailDeProcessoIniciado:167 - E-mail enviado para unidade ASSESSORIA_12
[2m[WebServer] [22mINFO  s.p.service.ProcessoService.iniciarProcessoMapeamento:241 - Processo de mapeamento 11 iniciado para 1 unidades.
·[2m[WebServer] [22mINFO  s.p.service.ProcessoService.criar:124 - Processo 12 criado.
[2m[WebServer] [22mINFO  s.n.EventoProcessoListener.enviarEmailDeProcessoIniciado:167 - E-mail enviado para unidade SECAO_111
[2m[WebServer] [22mINFO  s.p.service.ProcessoService.iniciarProcessoMapeamento:241 - Processo de mapeamento 12 iniciado para 1 unidades.
·F°[2m[WebServer] [22mINFO  s.p.service.ProcessoService.criar:124 - Processo 13 criado.
[2m[WebServer] [22mINFO  s.n.EventoProcessoListener.enviarEmailDeProcessoIniciado:167 - E-mail enviado para unidade SECAO_121
[2m[WebServer] [22mINFO  s.p.service.ProcessoService.iniciarProcessoMapeamento:241 - Processo de mapeamento 13 iniciado para 1 unidades.
·[2m[WebServer] [22mINFO  s.p.service.ProcessoService.criar:124 - Processo 14 criado.
[2m[WebServer] [22mINFO  s.n.EventoProcessoListener.enviarEmailDeProcessoIniciado:167 - E-mail enviado para unidade ASSESSORIA_11
[2m[WebServer] [22mINFO  s.p.service.ProcessoService.iniciarProcessoMapeamento:241 - Processo de mapeamento 14 iniciado para 1 unidades.
[2m[WebServer] [22mINFO  s.p.service.ProcessoService.criar:124 - Processo 15 criado.
[2m[WebServer] [22mINFO  s.p.service.ProcessoService.iniciarProcessoRevisao:247 - Iniciando processo de revisão para código 15 com unidades [4]
[2m[WebServer] [22mINFO  s.p.service.ProcessoService.criarSubprocessoParaRevisao:360 - Subprocesso 7 para revisão criado para unidade ASSESSORIA_12
[2m[WebServer] [22mINFO  s.n.EventoProcessoListener.enviarEmailDeProcessoIniciado:167 - E-mail enviado para unidade ASSESSORIA_12
[2m[WebServer] [22mINFO  s.p.service.ProcessoService.iniciarProcessoRevisao:276 - Processo de revisão 15 iniciado para 1 unidades.
[2m[WebServer] [22mINFO  s.m.s.ImpactoAtividadeService.obterAtividadesDoMapa:39 - Buscando atividades e conhecimentos para o mapa 7
[2m[WebServer] [22mINFO  s.m.s.ImpactoAtividadeService.obterAtividadesDoMapa:39 - Buscando atividades e conhecimentos para o mapa 99
[2m[WebServer] [22mINFO  s.m.service.ImpactoMapaService.verificarImpactos:92 - ImpactoMapaService - Análise de impactos concluída: tem=true, inseridas=1, removidas=0, alteradas=0
··[2m[WebServer] [22mINFO  s.p.service.ProcessoService.criar:124 - Processo 16 criado.
[2m[WebServer] [22mINFO  s.n.EventoProcessoListener.enviarEmailDeProcessoIniciado:167 - E-mail enviado para unidade SECAO_221
[2m[WebServer] [22mINFO  s.p.service.ProcessoService.iniciarProcessoMapeamento:241 - Processo de mapeamento 16 iniciado para 1 unidades.
·F°°

  1) [chromium] › e2e/cdu-02-melhorado.spec.ts:134:13 › CDU-02 (MELHORADO) - Visualizar Painel › Como ADMIN › Não deve incluir unidades INTERMEDIARIAS na seleção

    [31mTest timeout of 30000ms exceeded.[39m

    attachment #1: screenshot (image/png) ──────────────────────────────────────────────────────────
    test-results/cdu-02-melhorado-CDU-02-ME-60ca7-s-INTERMEDIARIAS-na-seleção-chromium/test-failed-1.png
    ────────────────────────────────────────────────────────────────────────────────────────────────

    attachment #2: video (video/webm) ──────────────────────────────────────────────────────────────
    test-results/cdu-02-melhorado-CDU-02-ME-60ca7-s-INTERMEDIARIAS-na-seleção-chromium/video.webm
    ────────────────────────────────────────────────────────────────────────────────────────────────

    Error Context: test-results/cdu-02-melhorado-CDU-02-ME-60ca7-s-INTERMEDIARIAS-na-seleção-chromium/error-context.md

    attachment #4: trace (application/zip) ─────────────────────────────────────────────────────────
    test-results/cdu-02-melhorado-CDU-02-ME-60ca7-s-INTERMEDIARIAS-na-seleção-chromium/trace.zip
    Usage:

        npx playwright show-trace test-results/cdu-02-melhorado-CDU-02-ME-60ca7-s-INTERMEDIARIAS-na-seleção-chromium/trace.zip

    ────────────────────────────────────────────────────────────────────────────────────────────────

  2) [chromium] › e2e/cdu-05.spec.ts:260:9 › CDU-05 - Iniciar processo de revisao › Fase 1: Ciclo completo de Mapeamento

    Error: [2mexpect([22m[31mlocator[39m[2m).[22mtoBeVisible[2m([22m[2m)[22m failed

    Locator: getByText('Atividade Teste 1764890938219')
    Expected: visible
    Timeout: 5000ms
    Error: element(s) not found

    Call log:
    [2m  - Expect "toBeVisible" with timeout 5000ms[22m
    [2m  - waiting for getByText('Atividade Teste 1764890938219')[22m


      109 |         // Validação: Atividade foi criada
      110 |         const descAtividade = `Atividade Teste ${timestamp}`;
    > 111 |         await expect(page.getByText(descAtividade)).toBeVisible();
          |                                                     ^
      112 |
      113 |         // Adicionar conhecimento à atividade
      114 |         const cardAtividade = page.locator('.atividade-card').filter({hasText: descAtividade});
        at passo2_ChefeAdicionaAtividadesEConhecimentos (/app/e2e/cdu-05.spec.ts:111:53)
        at /app/e2e/cdu-05.spec.ts:269:9

    attachment #1: screenshot (image/png) ──────────────────────────────────────────────────────────
    test-results/cdu-05-CDU-05---Iniciar-pr-b9e19-iclo-completo-de-Mapeamento-chromium/test-failed-1.png
    ────────────────────────────────────────────────────────────────────────────────────────────────

    attachment #2: video (video/webm) ──────────────────────────────────────────────────────────────
    test-results/cdu-05-CDU-05---Iniciar-pr-b9e19-iclo-completo-de-Mapeamento-chromium/video.webm
    ────────────────────────────────────────────────────────────────────────────────────────────────

    Error Context: test-results/cdu-05-CDU-05---Iniciar-pr-b9e19-iclo-completo-de-Mapeamento-chromium/error-context.md

    attachment #4: trace (application/zip) ─────────────────────────────────────────────────────────
    test-results/cdu-05-CDU-05---Iniciar-pr-b9e19-iclo-completo-de-Mapeamento-chromium/trace.zip
    Usage:

        npx playwright show-trace test-results/cdu-05-CDU-05---Iniciar-pr-b9e19-iclo-completo-de-Mapeamento-chromium/trace.zip

    ────────────────────────────────────────────────────────────────────────────────────────────────

  3) [chromium] › e2e/cdu-09.spec.ts:67:9 › CDU-09 - Disponibilizar cadastro de atividades e conhecimentos › Cenario 1: Validacao - Atividade sem conhecimento

    Error: [2mexpect([22m[31mlocator[39m[2m).[22mtoBeVisible[2m([22m[2m)[22m failed

    Locator: getByText('Atividades Incompletas')
    Expected: visible
    Timeout: 5000ms
    Error: element(s) not found

    Call log:
    [2m  - Expect "toBeVisible" with timeout 5000ms[22m
    [2m  - waiting for getByText('Atividades Incompletas')[22m


      94 |
      95 |         // Verificar indicador de erro (Toast/Alert)
    > 96 |         await expect(page.getByText('Atividades Incompletas')).toBeVisible();
         |                                                                ^
      97 |
      98 |         // Adicionar conhecimento para corrigir
      99 |         await adicionarConhecimento(page, atividadeDesc, 'Conhecimento Corretivo');
        at /app/e2e/cdu-09.spec.ts:96:64

    attachment #1: screenshot (image/png) ──────────────────────────────────────────────────────────
    test-results/cdu-09-CDU-09---Disponibil-682c9--Atividade-sem-conhecimento-chromium/test-failed-1.png
    ────────────────────────────────────────────────────────────────────────────────────────────────

    attachment #2: video (video/webm) ──────────────────────────────────────────────────────────────
    test-results/cdu-09-CDU-09---Disponibil-682c9--Atividade-sem-conhecimento-chromium/video.webm
    ────────────────────────────────────────────────────────────────────────────────────────────────

    Error Context: test-results/cdu-09-CDU-09---Disponibil-682c9--Atividade-sem-conhecimento-chromium/error-context.md

    attachment #4: trace (application/zip) ─────────────────────────────────────────────────────────
    test-results/cdu-09-CDU-09---Disponibil-682c9--Atividade-sem-conhecimento-chromium/trace.zip
    Usage:

        npx playwright show-trace test-results/cdu-09-CDU-09---Disponibil-682c9--Atividade-sem-conhecimento-chromium/trace.zip

    ────────────────────────────────────────────────────────────────────────────────────────────────

  3 failed
    [chromium] › e2e/cdu-02-melhorado.spec.ts:134:13 › CDU-02 (MELHORADO) - Visualizar Painel › Como ADMIN › Não deve incluir unidades INTERMEDIARIAS na seleção
    [chromium] › e2e/cdu-05.spec.ts:260:9 › CDU-05 - Iniciar processo de revisao › Fase 1: Ciclo completo de Mapeamento
    [chromium] › e2e/cdu-09.spec.ts:67:9 › CDU-09 - Disponibilizar cadastro de atividades e conhecimentos › Cenario 1: Validacao - Atividade sem conhecimento
  3 did not run
  31 passed (3.6m)
