[2m[WebServer] [22m  [32m[1mVITE[22m v7.2.6[39m  [2mready in [0m[1m667[22m[2m[0m ms[22m
[2m[WebServer] [22m  [32m➜[39m  [1mLocal[22m:   [36mhttp://localhost:[1m5173[22m/[39m
[2m[WebServer] [22m[2m  [32m➜[39m  [1mNetwork[22m[2m: use [22m[1m--host[22m[2m to expose[22m

Running 14 tests using 1 worker
[2m[WebServer] [22m[LIFECYCLE] Frontend e Backend no ar!
··[2m[WebServer] [22mINFO  s.p.service.ProcessoService.criar:124 - Processo 1 criado.
·[2m[WebServer] [22mINFO  s.p.service.ProcessoService.criar:124 - Processo 2 criado.
·[2m[WebServer] [22mINFO  s.p.service.ProcessoService.criar:124 - Processo 3 criado.
T···[2m[WebServer] [22mINFO  s.p.service.ProcessoService.criar:124 - Processo 4 criado.
[2m[WebServer] [22mINFO  s.n.EventoProcessoListener.enviarEmailDeProcessoIniciado:167 - E-mail enviado para unidade ASSESSORIA_21
[2m[WebServer] [22mINFO  s.p.service.ProcessoService.iniciarProcessoMapeamento:241 - Processo de mapeamento 4 iniciado para 1 unidades.
[2m[WebServer] [22mINFO  s.s.s.SubprocessoMapaWorkflowService.disponibilizarMapa:98 - Disponibilizando mapa do subprocesso: codSubprocesso=1, usuario=191919
[2m[WebServer] [22mINFO  s.s.s.SubprocessoMapaWorkflowService.disponibilizarMapa:118 - Subprocesso 1 atualizado para MAPA_DISPONIBILIZADO e mapa disponibilizado.
T°[2m[WebServer] [22mINFO  s.p.service.ProcessoService.criar:124 - Processo 5 criado.
[2m[WebServer] [22mINFO  s.n.EventoProcessoListener.enviarEmailDeProcessoIniciado:167 - E-mail enviado para unidade SECAO_221
[2m[WebServer] [22mINFO  s.p.service.ProcessoService.iniciarProcessoMapeamento:241 - Processo de mapeamento 5 iniciado para 1 unidades.
····

  1) [chromium] › e2e/cdu-02-melhorado.spec.ts:134:13 › CDU-02 (MELHORADO) - Visualizar Painel › Como ADMIN › Não deve incluir unidades INTERMEDIARIAS na seleção

    [31mTest timeout of 30000ms exceeded.[39m

    attachment #1: screenshot (image/png) ──────────────────────────────────────────────────────────
    test-results/cdu-02-melhorado-CDU-02-ME-60ca7-s-INTERMEDIARIAS-na-seleção-chromium/test-failed-1.png
    ────────────────────────────────────────────────────────────────────────────────────────────────

    attachment #2: video (video/webm) ──────────────────────────────────────────────────────────────
    test-results/cdu-02-melhorado-CDU-02-ME-60ca7-s-INTERMEDIARIAS-na-seleção-chromium/video.webm
    ────────────────────────────────────────────────────────────────────────────────────────────────

    Error Context: test-results/cdu-02-melhorado-CDU-02-ME-60ca7-s-INTERMEDIARIAS-na-seleção-chromium/error-context.md

    attachment #4: trace (application/zip) ─────────────────────────────────────────────────────────
    test-results/cdu-02-melhorado-CDU-02-ME-60ca7-s-INTERMEDIARIAS-na-seleção-chromium/trace.zip
    Usage:

        npx playwright show-trace test-results/cdu-02-melhorado-CDU-02-ME-60ca7-s-INTERMEDIARIAS-na-seleção-chromium/trace.zip

    ────────────────────────────────────────────────────────────────────────────────────────────────

  2) [chromium] › e2e/cdu-05.spec.ts:266:9 › CDU-05 - Iniciar processo de revisao › Fase 1: Ciclo completo de Mapeamento

    [31mTest timeout of 30000ms exceeded.[39m

    Error: locator.click: Test timeout of 30000ms exceeded.
    Call log:
    [2m  - waiting for getByRole('row', { name: 'Assessoria 21' })[22m


      226 |         // Navegar para o subprocesso
      227 |         await page.getByText(descricaoProcesso).click();
    > 228 |         await page.getByRole('row', {name: 'Assessoria 21'}).click();
          |                                                              ^
      229 |         await verificarPaginaSubprocesso(page);
      230 |
      231 |         // Abrir mapa para homologar
        at passo5_AdminHomologaEFinalizaProcesso (/app/e2e/cdu-05.spec.ts:228:62)
        at /app/e2e/cdu-05.spec.ts:280:9

    attachment #1: screenshot (image/png) ──────────────────────────────────────────────────────────
    test-results/cdu-05-CDU-05---Iniciar-pr-b9e19-iclo-completo-de-Mapeamento-chromium/test-failed-1.png
    ────────────────────────────────────────────────────────────────────────────────────────────────

    attachment #2: video (video/webm) ──────────────────────────────────────────────────────────────
    test-results/cdu-05-CDU-05---Iniciar-pr-b9e19-iclo-completo-de-Mapeamento-chromium/video.webm
    ────────────────────────────────────────────────────────────────────────────────────────────────

    Error Context: test-results/cdu-05-CDU-05---Iniciar-pr-b9e19-iclo-completo-de-Mapeamento-chromium/error-context.md

    attachment #4: trace (application/zip) ─────────────────────────────────────────────────────────
    test-results/cdu-05-CDU-05---Iniciar-pr-b9e19-iclo-completo-de-Mapeamento-chromium/trace.zip
    Usage:

        npx playwright show-trace test-results/cdu-05-CDU-05---Iniciar-pr-b9e19-iclo-completo-de-Mapeamento-chromium/trace.zip

    ────────────────────────────────────────────────────────────────────────────────────────────────

  2 failed
    [chromium] › e2e/cdu-02-melhorado.spec.ts:134:13 › CDU-02 (MELHORADO) - Visualizar Painel › Como ADMIN › Não deve incluir unidades INTERMEDIARIAS na seleção
    [chromium] › e2e/cdu-05.spec.ts:266:9 › CDU-05 - Iniciar processo de revisao › Fase 1: Ciclo completo de Mapeamento
  1 did not run
  11 passed (1.9m)
