npm notice run sgc@1.3.5 test:e2e
npm notice run playwright test --config=e2e/playwright.config.ts --project=chromium e2e/captura.spec.ts

Running 32 tests using 1 worker
·········F·····················F

  1) [chromium] › e2e/captura.spec.ts:1022:9 › Captura de Telas - Sistema SGC › 04 - Subprocesso e Atividades › Captura estados de validação inline de atividades 

    Error: expect(locator).toBeVisible() failed

    Locator: getByTestId('tbl-processos').locator('tr').filter({ has: getByText('Proc validação 1783879417412') })
    Expected: visible
    Timeout: 5000ms
    Error: element(s) not found

    Call log:
      - Expect "toBeVisible" with timeout 5000ms
      - waiting for getByTestId('tbl-processos').locator('tr').filter({ has: getByText('Proc validação 1783879417412') })


       at helpers/helpers-analise.ts:26

      24 |
      25 |     const linhaProcesso = page.getByTestId('tbl-processos').locator('tr', {has: page.getByText(descricaoProcesso)});
    > 26 |     await expect(linhaProcesso).toBeVisible();
         |                                 ^
      27 |     await linhaProcesso.click();
      28 |
      29 |     await navegarParaSubprocesso(page, siglaUnidade);
        at acessarSubprocessoChefeDireto (/Users/leonardo/sgc/e2e/helpers/helpers-analise.ts:26:33)
        at /Users/leonardo/sgc/e2e/captura.spec.ts:1047:13

    Error Context: e2e/test-results/captura-Captura-de-Telas---ef4cc-idação-inline-de-atividades-chromium/error-context.md

    Error Context: e2e/test-results/captura-Captura-de-Telas---ef4cc-idação-inline-de-atividades-chromium/error-context.md

    Error Context: e2e/test-results/captura-Captura-de-Telas---ef4cc-idação-inline-de-atividades-chromium/error-context.md

  2) [chromium] › e2e/captura.spec.ts:2104:9 › Captura de Telas - Sistema SGC › 15 - Diagnóstico de Competências › Captura consenso do servidor e situação de capacitação 

    Error: expect(locator).toBeVisible() failed

    Locator: locator('[data-testid^="situacao-"]').first()
    Expected: visible
    Timeout: 5000ms
    Error: element(s) not found

    Call log:
      - Expect "toBeVisible" with timeout 5000ms
      - waiting for locator('[data-testid^="situacao-"]').first()


       at helpers/helpers-diagnostico.ts:197

      195 |     }
      196 |     const select = page.locator('[data-testid^="situacao-"]').first();
    > 197 |     await expect(select).toBeVisible();
          |                          ^
      198 |     await Promise.all([
      199 |         page.waitForResponse(res =>
      200 |             res.url().includes(caminhoDiagnosticoApi(codSubprocesso, '/situacoes-capacitacao'))
        at preencherPrimeiraSituacaoCapacitacao (/Users/leonardo/sgc/e2e/helpers/helpers-diagnostico.ts:197:26)
        at /Users/leonardo/sgc/e2e/captura.spec.ts:2135:13

    Error Context: e2e/test-results/captura-Captura-de-Telas---a915e-r-e-situação-de-capacitação-chromium/error-context.md

    Error Context: e2e/test-results/captura-Captura-de-Telas---a915e-r-e-situação-de-capacitação-chromium/error-context.md

    Error Context: e2e/test-results/captura-Captura-de-Telas---a915e-r-e-situação-de-capacitação-chromium/error-context.md

  2 failed
    [chromium] › e2e/captura.spec.ts:1022:9 › Captura de Telas - Sistema SGC › 04 - Subprocesso e Atividades › Captura estados de validação inline de atividades 
    [chromium] › e2e/captura.spec.ts:2104:9 › Captura de Telas - Sistema SGC › 15 - Diagnóstico de Competências › Captura consenso do servidor e situação de capacitação 
  30 passed (1.9m)
