Reusing configuration cache.
> Task :backend:processTestResources UP-TO-DATE
> Task :backend:processResources UP-TO-DATE
> Task :backend:compileJava UP-TO-DATE
> Task :backend:classes UP-TO-DATE
> Task :backend:compileTestJava
> Task :backend:testClasses

> Task :backend:test

CDU-14: Analisar revisão de cadastro de atividades e conhecimentos > Endpoints de Consulta > Deve retornar histórico de análise corretamente FAILED
    java.lang.IllegalStateException: org.hibernate.TransientPropertyValueException: Persistent instance of 'sgc.subprocesso.model.Subprocesso' references an unsaved transient instance of 'sgc.mapa.model.Mapa' (persist the transient instance before flushing) [sgc.subprocesso.model.Subprocesso.mapa -> sgc.mapa.model.Mapa]
        at org.hibernate.internal.ExceptionConverterImpl.convert(ExceptionConverterImpl.java:140)
        at org.hibernate.internal.ExceptionConverterImpl.convert(ExceptionConverterImpl.java:155)
        at org.hibernate.internal.ExceptionConverterImpl.convert(ExceptionConverterImpl.java:161)
        at org.hibernate.internal.SessionImpl.doFlush(SessionImpl.java:1451)
        at org.hibernate.internal.SessionImpl.flush(SessionImpl.java:1436)
        at java.base/jdk.internal.reflect.DirectMethodHandleAccessor.invoke(DirectMethodHandleAccessor.java:103)
        at java.base/java.lang.reflect.Method.invoke(Method.java:580)
        at org.springframework.orm.jpa.SharedEntityManagerCreator$SharedEntityManagerInvocationHandler.invoke(SharedEntityManagerCreator.java:317)
        at jdk.proxy3/jdk.proxy3.$Proxy232.flush(Unknown Source)
        at sgc.integracao.CDU14IntegrationTest.criarEIniciarProcessoDeRevisao(CDU14IntegrationTest.java:249)
        at sgc.integracao.CDU14IntegrationTest.criarEComecarProcessoDeRevisao(CDU14IntegrationTest.java:183)
        at sgc.integracao.CDU14IntegrationTest$EndpointsDeConsulta.deveRetornarHistoricoDeAnalise(CDU14IntegrationTest.java:397)

        Caused by:
        org.hibernate.TransientPropertyValueException: Persistent instance of 'sgc.subprocesso.model.Subprocesso' references an unsaved transient instance of 'sgc.mapa.model.Mapa' (persist the transient instance before flushing) [sgc.subprocesso.model.Subprocesso.mapa -> sgc.mapa.model.Mapa]
            at app//org.hibernate.engine.spi.CascadingActions$8.cascade(CascadingActions.java:406)
            at app//org.hibernate.engine.spi.CascadingActions$8.cascade(CascadingActions.java:385)
            at app//org.hibernate.engine.internal.Cascade.cascadeToOne(Cascade.java:538)
            at app//org.hibernate.engine.internal.Cascade.cascadeAssociation(Cascade.java:446)
            at app//org.hibernate.engine.internal.Cascade.cascadeProperty(Cascade.java:222)
            at app//org.hibernate.engine.internal.Cascade.cascade(Cascade.java:163)
            at app//org.hibernate.event.internal.AbstractFlushingEventListener.checkForTransientReferences(AbstractFlushingEventListener.java:151)
            at app//org.hibernate.event.internal.AbstractFlushingEventListener.prepareEntityFlushes(AbstractFlushingEventListener.java:140)
            at app//org.hibernate.event.internal.AbstractFlushingEventListener.preFlush(AbstractFlushingEventListener.java:89)
            at app//org.hibernate.event.internal.AbstractFlushingEventListener.flushEverythingToExecutions(AbstractFlushingEventListener.java:68)
            at app//org.hibernate.event.internal.DefaultFlushEventListener.onFlush(DefaultFlushEventListener.java:38)
            at app//org.hibernate.event.service.internal.EventListenerGroupImpl.fireEventOnEachListener(EventListenerGroupImpl.java:140)
            at app//org.hibernate.internal.SessionImpl.doFlush(SessionImpl.java:1447)
            ... 8 more

CDU-14: Analisar revisão de cadastro de atividades e conhecimentos > Endpoints de Consulta > Deve retornar impactos no mapa corretamente FAILED
    java.lang.IllegalStateException: org.hibernate.TransientPropertyValueException: Persistent instance of 'sgc.subprocesso.model.Subprocesso' references an unsaved transient instance of 'sgc.mapa.model.Mapa' (persist the transient instance before flushing) [sgc.subprocesso.model.Subprocesso.mapa -> sgc.mapa.model.Mapa]
        at org.hibernate.internal.ExceptionConverterImpl.convert(ExceptionConverterImpl.java:140)
        at org.hibernate.internal.ExceptionConverterImpl.convert(ExceptionConverterImpl.java:155)
        at org.hibernate.internal.ExceptionConverterImpl.convert(ExceptionConverterImpl.java:161)
        at org.hibernate.internal.SessionImpl.doFlush(SessionImpl.java:1451)
        at org.hibernate.internal.SessionImpl.flush(SessionImpl.java:1436)
        at java.base/jdk.internal.reflect.DirectMethodHandleAccessor.invoke(DirectMethodHandleAccessor.java:103)
        at java.base/java.lang.reflect.Method.invoke(Method.java:580)
        at org.springframework.orm.jpa.SharedEntityManagerCreator$SharedEntityManagerInvocationHandler.invoke(SharedEntityManagerCreator.java:317)
        at jdk.proxy3/jdk.proxy3.$Proxy232.flush(Unknown Source)
        at sgc.integracao.CDU14IntegrationTest.criarEIniciarProcessoDeRevisao(CDU14IntegrationTest.java:249)
        at sgc.integracao.CDU14IntegrationTest.criarEComecarProcessoDeRevisao(CDU14IntegrationTest.java:183)
        at sgc.integracao.CDU14IntegrationTest$EndpointsDeConsulta.deveRetornarImpactosNoMapa(CDU14IntegrationTest.java:425)

        Caused by:
        org.hibernate.TransientPropertyValueException: Persistent instance of 'sgc.subprocesso.model.Subprocesso' references an unsaved transient instance of 'sgc.mapa.model.Mapa' (persist the transient instance before flushing) [sgc.subprocesso.model.Subprocesso.mapa -> sgc.mapa.model.Mapa]
            at app//org.hibernate.engine.spi.CascadingActions$8.cascade(CascadingActions.java:406)
            at app//org.hibernate.engine.spi.CascadingActions$8.cascade(CascadingActions.java:385)
            at app//org.hibernate.engine.internal.Cascade.cascadeToOne(Cascade.java:538)
            at app//org.hibernate.engine.internal.Cascade.cascadeAssociation(Cascade.java:446)
            at app//org.hibernate.engine.internal.Cascade.cascadeProperty(Cascade.java:222)
            at app//org.hibernate.engine.internal.Cascade.cascade(Cascade.java:163)
            at app//org.hibernate.event.internal.AbstractFlushingEventListener.checkForTransientReferences(AbstractFlushingEventListener.java:151)
            at app//org.hibernate.event.internal.AbstractFlushingEventListener.prepareEntityFlushes(AbstractFlushingEventListener.java:140)
            at app//org.hibernate.event.internal.AbstractFlushingEventListener.preFlush(AbstractFlushingEventListener.java:89)
            at app//org.hibernate.event.internal.AbstractFlushingEventListener.flushEverythingToExecutions(AbstractFlushingEventListener.java:68)
            at app//org.hibernate.event.internal.DefaultFlushEventListener.onFlush(DefaultFlushEventListener.java:38)
            at app//org.hibernate.event.service.internal.EventListenerGroupImpl.fireEventOnEachListener(EventListenerGroupImpl.java:140)
            at app//org.hibernate.internal.SessionImpl.doFlush(SessionImpl.java:1447)
            ... 8 more

CDU-14: Analisar revisão de cadastro de atividades e conhecimentos > Fluxo de Homologação > ADMIN homologa SEM impactos, alterando status para MAPA_HOMOLOGADO FAILED
    java.lang.IllegalStateException: org.hibernate.TransientPropertyValueException: Persistent instance of 'sgc.subprocesso.model.Subprocesso' references an unsaved transient instance of 'sgc.mapa.model.Mapa' (persist the transient instance before flushing) [sgc.subprocesso.model.Subprocesso.mapa -> sgc.mapa.model.Mapa]
        at org.hibernate.internal.ExceptionConverterImpl.convert(ExceptionConverterImpl.java:140)
        at org.hibernate.internal.ExceptionConverterImpl.convert(ExceptionConverterImpl.java:155)
        at org.hibernate.internal.ExceptionConverterImpl.convert(ExceptionConverterImpl.java:161)
        at org.hibernate.internal.SessionImpl.doFlush(SessionImpl.java:1451)
        at org.hibernate.internal.SessionImpl.flush(SessionImpl.java:1436)
        at java.base/jdk.internal.reflect.DirectMethodHandleAccessor.invoke(DirectMethodHandleAccessor.java:103)
        at java.base/java.lang.reflect.Method.invoke(Method.java:580)
        at org.springframework.orm.jpa.SharedEntityManagerCreator$SharedEntityManagerInvocationHandler.invoke(SharedEntityManagerCreator.java:317)
        at jdk.proxy3/jdk.proxy3.$Proxy232.flush(Unknown Source)
        at sgc.integracao.CDU14IntegrationTest.criarEIniciarProcessoDeRevisao(CDU14IntegrationTest.java:249)
        at sgc.integracao.CDU14IntegrationTest.criarEComecarProcessoDeRevisao(CDU14IntegrationTest.java:183)
        at sgc.integracao.CDU14IntegrationTest$Homologacao.setUpHomologacao(CDU14IntegrationTest.java:334)

        Caused by:
        org.hibernate.TransientPropertyValueException: Persistent instance of 'sgc.subprocesso.model.Subprocesso' references an unsaved transient instance of 'sgc.mapa.model.Mapa' (persist the transient instance before flushing) [sgc.subprocesso.model.Subprocesso.mapa -> sgc.mapa.model.Mapa]
            at app//org.hibernate.engine.spi.CascadingActions$8.cascade(CascadingActions.java:406)
            at app//org.hibernate.engine.spi.CascadingActions$8.cascade(CascadingActions.java:385)
            at app//org.hibernate.engine.internal.Cascade.cascadeToOne(Cascade.java:538)
            at app//org.hibernate.engine.internal.Cascade.cascadeAssociation(Cascade.java:446)
            at app//org.hibernate.engine.internal.Cascade.cascadeProperty(Cascade.java:222)
            at app//org.hibernate.engine.internal.Cascade.cascade(Cascade.java:163)
            at app//org.hibernate.event.internal.AbstractFlushingEventListener.checkForTransientReferences(AbstractFlushingEventListener.java:151)
            at app//org.hibernate.event.internal.AbstractFlushingEventListener.prepareEntityFlushes(AbstractFlushingEventListener.java:140)
            at app//org.hibernate.event.internal.AbstractFlushingEventListener.preFlush(AbstractFlushingEventListener.java:89)
            at app//org.hibernate.event.internal.AbstractFlushingEventListener.flushEverythingToExecutions(AbstractFlushingEventListener.java:68)
            at app//org.hibernate.event.internal.DefaultFlushEventListener.onFlush(DefaultFlushEventListener.java:38)
            at app//org.hibernate.event.service.internal.EventListenerGroupImpl.fireEventOnEachListener(EventListenerGroupImpl.java:140)
            at app//org.hibernate.internal.SessionImpl.doFlush(SessionImpl.java:1447)
            ... 8 more

CDU-14: Analisar revisão de cadastro de atividades e conhecimentos > Fluxo de Homologação > ADMIN homologa COM impactos, alterando status e criando movimentação FAILED
    java.lang.IllegalStateException: org.hibernate.TransientPropertyValueException: Persistent instance of 'sgc.subprocesso.model.Subprocesso' references an unsaved transient instance of 'sgc.mapa.model.Mapa' (persist the transient instance before flushing) [sgc.subprocesso.model.Subprocesso.mapa -> sgc.mapa.model.Mapa]
        at org.hibernate.internal.ExceptionConverterImpl.convert(ExceptionConverterImpl.java:140)
        at org.hibernate.internal.ExceptionConverterImpl.convert(ExceptionConverterImpl.java:155)
        at org.hibernate.internal.ExceptionConverterImpl.convert(ExceptionConverterImpl.java:161)
        at org.hibernate.internal.SessionImpl.doFlush(SessionImpl.java:1451)
        at org.hibernate.internal.SessionImpl.flush(SessionImpl.java:1436)
        at java.base/jdk.internal.reflect.DirectMethodHandleAccessor.invoke(DirectMethodHandleAccessor.java:103)
        at java.base/java.lang.reflect.Method.invoke(Method.java:580)
        at org.springframework.orm.jpa.SharedEntityManagerCreator$SharedEntityManagerInvocationHandler.invoke(SharedEntityManagerCreator.java:317)
        at jdk.proxy3/jdk.proxy3.$Proxy232.flush(Unknown Source)
        at sgc.integracao.CDU14IntegrationTest.criarEIniciarProcessoDeRevisao(CDU14IntegrationTest.java:249)
        at sgc.integracao.CDU14IntegrationTest.criarEComecarProcessoDeRevisao(CDU14IntegrationTest.java:183)
        at sgc.integracao.CDU14IntegrationTest$Homologacao.setUpHomologacao(CDU14IntegrationTest.java:334)

        Caused by:
        org.hibernate.TransientPropertyValueException: Persistent instance of 'sgc.subprocesso.model.Subprocesso' references an unsaved transient instance of 'sgc.mapa.model.Mapa' (persist the transient instance before flushing) [sgc.subprocesso.model.Subprocesso.mapa -> sgc.mapa.model.Mapa]
            at app//org.hibernate.engine.spi.CascadingActions$8.cascade(CascadingActions.java:406)
            at app//org.hibernate.engine.spi.CascadingActions$8.cascade(CascadingActions.java:385)
            at app//org.hibernate.engine.internal.Cascade.cascadeToOne(Cascade.java:538)
            at app//org.hibernate.engine.internal.Cascade.cascadeAssociation(Cascade.java:446)
            at app//org.hibernate.engine.internal.Cascade.cascadeProperty(Cascade.java:222)
            at app//org.hibernate.engine.internal.Cascade.cascade(Cascade.java:163)
            at app//org.hibernate.event.internal.AbstractFlushingEventListener.checkForTransientReferences(AbstractFlushingEventListener.java:151)
            at app//org.hibernate.event.internal.AbstractFlushingEventListener.prepareEntityFlushes(AbstractFlushingEventListener.java:140)
            at app//org.hibernate.event.internal.AbstractFlushingEventListener.preFlush(AbstractFlushingEventListener.java:89)
            at app//org.hibernate.event.internal.AbstractFlushingEventListener.flushEverythingToExecutions(AbstractFlushingEventListener.java:68)
            at app//org.hibernate.event.internal.DefaultFlushEventListener.onFlush(DefaultFlushEventListener.java:38)
            at app//org.hibernate.event.service.internal.EventListenerGroupImpl.fireEventOnEachListener(EventListenerGroupImpl.java:140)
            at app//org.hibernate.internal.SessionImpl.doFlush(SessionImpl.java:1447)
            ... 8 more

CDU-14: Analisar revisão de cadastro de atividades e conhecimentos > Falhas e Segurança > Não pode homologar em estado inválido FAILED
    java.lang.IllegalStateException: org.hibernate.TransientPropertyValueException: Persistent instance of 'sgc.subprocesso.model.Subprocesso' references an unsaved transient instance of 'sgc.mapa.model.Mapa' (persist the transient instance before flushing) [sgc.subprocesso.model.Subprocesso.mapa -> sgc.mapa.model.Mapa]
        at org.hibernate.internal.ExceptionConverterImpl.convert(ExceptionConverterImpl.java:140)
        at org.hibernate.internal.ExceptionConverterImpl.convert(ExceptionConverterImpl.java:155)
        at org.hibernate.internal.ExceptionConverterImpl.convert(ExceptionConverterImpl.java:161)
        at org.hibernate.internal.SessionImpl.doFlush(SessionImpl.java:1451)
        at org.hibernate.internal.SessionImpl.flush(SessionImpl.java:1436)
        at java.base/jdk.internal.reflect.DirectMethodHandleAccessor.invoke(DirectMethodHandleAccessor.java:103)
        at java.base/java.lang.reflect.Method.invoke(Method.java:580)
        at org.springframework.orm.jpa.SharedEntityManagerCreator$SharedEntityManagerInvocationHandler.invoke(SharedEntityManagerCreator.java:317)
        at jdk.proxy3/jdk.proxy3.$Proxy232.flush(Unknown Source)
        at sgc.integracao.CDU14IntegrationTest.criarEIniciarProcessoDeRevisao(CDU14IntegrationTest.java:249)
        at sgc.integracao.CDU14IntegrationTest.criarEComecarProcessoDeRevisao(CDU14IntegrationTest.java:183)
        at sgc.integracao.CDU14IntegrationTest$FalhasESeguranca.naoPodeHomologarEmEstadoInvalido(CDU14IntegrationTest.java:483)

        Caused by:
        org.hibernate.TransientPropertyValueException: Persistent instance of 'sgc.subprocesso.model.Subprocesso' references an unsaved transient instance of 'sgc.mapa.model.Mapa' (persist the transient instance before flushing) [sgc.subprocesso.model.Subprocesso.mapa -> sgc.mapa.model.Mapa]
            at app//org.hibernate.engine.spi.CascadingActions$8.cascade(CascadingActions.java:406)
            at app//org.hibernate.engine.spi.CascadingActions$8.cascade(CascadingActions.java:385)
            at app//org.hibernate.engine.internal.Cascade.cascadeToOne(Cascade.java:538)
            at app//org.hibernate.engine.internal.Cascade.cascadeAssociation(Cascade.java:446)
            at app//org.hibernate.engine.internal.Cascade.cascadeProperty(Cascade.java:222)
            at app//org.hibernate.engine.internal.Cascade.cascade(Cascade.java:163)
            at app//org.hibernate.event.internal.AbstractFlushingEventListener.checkForTransientReferences(AbstractFlushingEventListener.java:151)
            at app//org.hibernate.event.internal.AbstractFlushingEventListener.prepareEntityFlushes(AbstractFlushingEventListener.java:140)
            at app//org.hibernate.event.internal.AbstractFlushingEventListener.preFlush(AbstractFlushingEventListener.java:89)
            at app//org.hibernate.event.internal.AbstractFlushingEventListener.flushEverythingToExecutions(AbstractFlushingEventListener.java:68)
            at app//org.hibernate.event.internal.DefaultFlushEventListener.onFlush(DefaultFlushEventListener.java:38)
            at app//org.hibernate.event.service.internal.EventListenerGroupImpl.fireEventOnEachListener(EventListenerGroupImpl.java:140)
            at app//org.hibernate.internal.SessionImpl.doFlush(SessionImpl.java:1447)
            ... 8 more

CDU-14: Analisar revisão de cadastro de atividades e conhecimentos > Falhas e Segurança > CHEFE não pode homologar revisão FAILED
    java.lang.IllegalStateException: org.hibernate.TransientPropertyValueException: Persistent instance of 'sgc.subprocesso.model.Subprocesso' references an unsaved transient instance of 'sgc.mapa.model.Mapa' (persist the transient instance before flushing) [sgc.subprocesso.model.Subprocesso.mapa -> sgc.mapa.model.Mapa]
        at org.hibernate.internal.ExceptionConverterImpl.convert(ExceptionConverterImpl.java:140)
        at org.hibernate.internal.ExceptionConverterImpl.convert(ExceptionConverterImpl.java:155)
        at org.hibernate.internal.ExceptionConverterImpl.convert(ExceptionConverterImpl.java:161)
        at org.hibernate.internal.SessionImpl.doFlush(SessionImpl.java:1451)
        at org.hibernate.internal.SessionImpl.flush(SessionImpl.java:1436)
        at java.base/jdk.internal.reflect.DirectMethodHandleAccessor.invoke(DirectMethodHandleAccessor.java:103)
        at java.base/java.lang.reflect.Method.invoke(Method.java:580)
        at org.springframework.orm.jpa.SharedEntityManagerCreator$SharedEntityManagerInvocationHandler.invoke(SharedEntityManagerCreator.java:317)
        at jdk.proxy3/jdk.proxy3.$Proxy232.flush(Unknown Source)
        at sgc.integracao.CDU14IntegrationTest.criarEIniciarProcessoDeRevisao(CDU14IntegrationTest.java:249)
        at sgc.integracao.CDU14IntegrationTest.criarEComecarProcessoDeRevisao(CDU14IntegrationTest.java:183)
        at sgc.integracao.CDU14IntegrationTest$FalhasESeguranca.chefeNaoPodeHomologar(CDU14IntegrationTest.java:457)

        Caused by:
        org.hibernate.TransientPropertyValueException: Persistent instance of 'sgc.subprocesso.model.Subprocesso' references an unsaved transient instance of 'sgc.mapa.model.Mapa' (persist the transient instance before flushing) [sgc.subprocesso.model.Subprocesso.mapa -> sgc.mapa.model.Mapa]
            at app//org.hibernate.engine.spi.CascadingActions$8.cascade(CascadingActions.java:406)
            at app//org.hibernate.engine.spi.CascadingActions$8.cascade(CascadingActions.java:385)
            at app//org.hibernate.engine.internal.Cascade.cascadeToOne(Cascade.java:538)
            at app//org.hibernate.engine.internal.Cascade.cascadeAssociation(Cascade.java:446)
            at app//org.hibernate.engine.internal.Cascade.cascadeProperty(Cascade.java:222)
            at app//org.hibernate.engine.internal.Cascade.cascade(Cascade.java:163)
            at app//org.hibernate.event.internal.AbstractFlushingEventListener.checkForTransientReferences(AbstractFlushingEventListener.java:151)
            at app//org.hibernate.event.internal.AbstractFlushingEventListener.prepareEntityFlushes(AbstractFlushingEventListener.java:140)
            at app//org.hibernate.event.internal.AbstractFlushingEventListener.preFlush(AbstractFlushingEventListener.java:89)
            at app//org.hibernate.event.internal.AbstractFlushingEventListener.flushEverythingToExecutions(AbstractFlushingEventListener.java:68)
            at app//org.hibernate.event.internal.DefaultFlushEventListener.onFlush(DefaultFlushEventListener.java:38)
            at app//org.hibernate.event.service.internal.EventListenerGroupImpl.fireEventOnEachListener(EventListenerGroupImpl.java:140)
            at app//org.hibernate.internal.SessionImpl.doFlush(SessionImpl.java:1447)
            ... 8 more

CDU-14: Analisar revisão de cadastro de atividades e conhecimentos > Fluxo de Aceite > GESTOR deve aceitar, alterando status e criando todos os registros FAILED
    java.lang.IllegalStateException: org.hibernate.TransientPropertyValueException: Persistent instance of 'sgc.subprocesso.model.Subprocesso' references an unsaved transient instance of 'sgc.mapa.model.Mapa' (persist the transient instance before flushing) [sgc.subprocesso.model.Subprocesso.mapa -> sgc.mapa.model.Mapa]
        at org.hibernate.internal.ExceptionConverterImpl.convert(ExceptionConverterImpl.java:140)
        at org.hibernate.internal.ExceptionConverterImpl.convert(ExceptionConverterImpl.java:155)
        at org.hibernate.internal.ExceptionConverterImpl.convert(ExceptionConverterImpl.java:161)
        at org.hibernate.internal.SessionImpl.doFlush(SessionImpl.java:1451)
        at org.hibernate.internal.SessionImpl.flush(SessionImpl.java:1436)
        at java.base/jdk.internal.reflect.DirectMethodHandleAccessor.invoke(DirectMethodHandleAccessor.java:103)
        at java.base/java.lang.reflect.Method.invoke(Method.java:580)
        at org.springframework.orm.jpa.SharedEntityManagerCreator$SharedEntityManagerInvocationHandler.invoke(SharedEntityManagerCreator.java:317)
        at jdk.proxy3/jdk.proxy3.$Proxy232.flush(Unknown Source)
        at sgc.integracao.CDU14IntegrationTest.criarEIniciarProcessoDeRevisao(CDU14IntegrationTest.java:249)
        at sgc.integracao.CDU14IntegrationTest.criarEComecarProcessoDeRevisao(CDU14IntegrationTest.java:183)
        at sgc.integracao.CDU14IntegrationTest$Aceite.gestorAceitaRevisao(CDU14IntegrationTest.java:302)

        Caused by:
        org.hibernate.TransientPropertyValueException: Persistent instance of 'sgc.subprocesso.model.Subprocesso' references an unsaved transient instance of 'sgc.mapa.model.Mapa' (persist the transient instance before flushing) [sgc.subprocesso.model.Subprocesso.mapa -> sgc.mapa.model.Mapa]
            at app//org.hibernate.engine.spi.CascadingActions$8.cascade(CascadingActions.java:406)
            at app//org.hibernate.engine.spi.CascadingActions$8.cascade(CascadingActions.java:385)
            at app//org.hibernate.engine.internal.Cascade.cascadeToOne(Cascade.java:538)
            at app//org.hibernate.engine.internal.Cascade.cascadeAssociation(Cascade.java:446)
            at app//org.hibernate.engine.internal.Cascade.cascadeProperty(Cascade.java:222)
            at app//org.hibernate.engine.internal.Cascade.cascade(Cascade.java:163)
            at app//org.hibernate.event.internal.AbstractFlushingEventListener.checkForTransientReferences(AbstractFlushingEventListener.java:151)
            at app//org.hibernate.event.internal.AbstractFlushingEventListener.prepareEntityFlushes(AbstractFlushingEventListener.java:140)
            at app//org.hibernate.event.internal.AbstractFlushingEventListener.preFlush(AbstractFlushingEventListener.java:89)
            at app//org.hibernate.event.internal.AbstractFlushingEventListener.flushEverythingToExecutions(AbstractFlushingEventListener.java:68)
            at app//org.hibernate.event.internal.DefaultFlushEventListener.onFlush(DefaultFlushEventListener.java:38)
            at app//org.hibernate.event.service.internal.EventListenerGroupImpl.fireEventOnEachListener(EventListenerGroupImpl.java:140)
            at app//org.hibernate.internal.SessionImpl.doFlush(SessionImpl.java:1447)
            ... 8 more

CDU-14: Analisar revisão de cadastro de atividades e conhecimentos > Fluxo de Devolução > GESTOR deve devolver, alterando status e criando registros FAILED
    java.lang.IllegalStateException: org.hibernate.TransientPropertyValueException: Persistent instance of 'sgc.subprocesso.model.Subprocesso' references an unsaved transient instance of 'sgc.mapa.model.Mapa' (persist the transient instance before flushing) [sgc.subprocesso.model.Subprocesso.mapa -> sgc.mapa.model.Mapa]
        at org.hibernate.internal.ExceptionConverterImpl.convert(ExceptionConverterImpl.java:140)
        at org.hibernate.internal.ExceptionConverterImpl.convert(ExceptionConverterImpl.java:155)
        at org.hibernate.internal.ExceptionConverterImpl.convert(ExceptionConverterImpl.java:161)
        at org.hibernate.internal.SessionImpl.doFlush(SessionImpl.java:1451)
        at org.hibernate.internal.SessionImpl.flush(SessionImpl.java:1436)
        at java.base/jdk.internal.reflect.DirectMethodHandleAccessor.invoke(DirectMethodHandleAccessor.java:103)
        at java.base/java.lang.reflect.Method.invoke(Method.java:580)
        at org.springframework.orm.jpa.SharedEntityManagerCreator$SharedEntityManagerInvocationHandler.invoke(SharedEntityManagerCreator.java:317)
        at jdk.proxy3/jdk.proxy3.$Proxy232.flush(Unknown Source)
        at sgc.integracao.CDU14IntegrationTest.criarEIniciarProcessoDeRevisao(CDU14IntegrationTest.java:249)
        at sgc.integracao.CDU14IntegrationTest.criarEComecarProcessoDeRevisao(CDU14IntegrationTest.java:183)
        at sgc.integracao.CDU14IntegrationTest$Devolucao.gestorDevolveRevisao(CDU14IntegrationTest.java:268)

        Caused by:
        org.hibernate.TransientPropertyValueException: Persistent instance of 'sgc.subprocesso.model.Subprocesso' references an unsaved transient instance of 'sgc.mapa.model.Mapa' (persist the transient instance before flushing) [sgc.subprocesso.model.Subprocesso.mapa -> sgc.mapa.model.Mapa]
            at app//org.hibernate.engine.spi.CascadingActions$8.cascade(CascadingActions.java:406)
            at app//org.hibernate.engine.spi.CascadingActions$8.cascade(CascadingActions.java:385)
            at app//org.hibernate.engine.internal.Cascade.cascadeToOne(Cascade.java:538)
            at app//org.hibernate.engine.internal.Cascade.cascadeAssociation(Cascade.java:446)
            at app//org.hibernate.engine.internal.Cascade.cascadeProperty(Cascade.java:222)
            at app//org.hibernate.engine.internal.Cascade.cascade(Cascade.java:163)
            at app//org.hibernate.event.internal.AbstractFlushingEventListener.checkForTransientReferences(AbstractFlushingEventListener.java:151)
            at app//org.hibernate.event.internal.AbstractFlushingEventListener.prepareEntityFlushes(AbstractFlushingEventListener.java:140)
            at app//org.hibernate.event.internal.AbstractFlushingEventListener.preFlush(AbstractFlushingEventListener.java:89)
            at app//org.hibernate.event.internal.AbstractFlushingEventListener.flushEverythingToExecutions(AbstractFlushingEventListener.java:68)
            at app//org.hibernate.event.internal.DefaultFlushEventListener.onFlush(DefaultFlushEventListener.java:38)
            at app//org.hibernate.event.service.internal.EventListenerGroupImpl.fireEventOnEachListener(EventListenerGroupImpl.java:140)
            at app//org.hibernate.internal.SessionImpl.doFlush(SessionImpl.java:1447)
            ... 8 more

11 tests completed, 8 failed

> Task :backend:test FAILED

FAILURE: Build failed with an exception.

* What went wrong:
Execution failed for task ':backend:test'.
> There were failing tests. See the report at: file:///app/backend/build/reports/tests/test/index.html

* Try:
> Run with --scan to generate a Build Scan (powered by Develocity).

BUILD FAILED in 31s
5 actionable tasks: 2 executed, 3 up-to-date
Configuration cache entry reused.
